<?xml version="1.0" encoding="UTF-8"?>
<!-- Generated by org.testng.reporters.JUnitXMLReporter -->
<testsuite hostname="LWO1-DHP-F54947" tests="0" failures="0" timestamp="21 Aug 2014 10:40:00 GMT" time="0.015" errors="0">
  <testcase name="@BeforeTest BeforeTests" time="0.0" classname="InstabeatSanity.Tests.AbstractTestClass">
    <failure type="org.testng.TestNGException" message="
Method BeforeTests requires 1 parameters but 0 were supplied in the @Configuration annotation.">
      <![CDATA[org.testng.TestNGException: 
Method BeforeTests requires 1 parameters but 0 were supplied in the @Configuration annotation.
	at java.util.concurrent.FutureTask.run(Unknown Source)
	at java.util.concurrent.ThreadPoolExecutor.runWorker(Unknown Source)
	at java.util.concurrent.ThreadPoolExecutor$Worker.run(Unknown Source)
	at java.lang.Thread.run(Unknown Source)
... Removed 12 stack frames]]>
    </failure>
  </testcase> <!-- @BeforeTest BeforeTests -->
  <testcase name="@AfterTest AfterTests" time="0.0" classname="InstabeatSanity.Tests.AbstractTestClass">
    <skipped/>
  </testcase> <!-- @AfterTest AfterTests -->
</testsuite>
