<?xml version="1.0" encoding="UTF-8"?>
<!-- Generated by org.testng.reporters.JUnitXMLReporter -->
<testsuite hostname="LWO1-LHP-F49053" name="instabeatSanity.Tests" tests="1" failures="1" timestamp="5 Dec 2014 11:37:41 GMT" time="18.759" errors="0">
  <testcase name="checkDefaultActivity" time="9.204" classname="InstabeatSanity.Tests.SanityTestNG">
    <failure type="java.lang.ArrayIndexOutOfBoundsException" message="2">
      <![CDATA[java.lang.ArrayIndexOutOfBoundsException: 2
	at instabeat.dashboard.HomePage.getDefaultActivityFromHomePage(HomePage.java:211)
	at InstabeatSanity.Tests.SanityTestNG.checkDefaultActivity(SanityTestNG.java:752)
... Removed 24 stack frames]]>
    </failure>
  </testcase> <!-- checkDefaultActivity -->
</testsuite> <!-- instabeatSanity.Tests -->
