<?xml version="1.0" encoding="UTF-8"?>
<!-- Generated by org.testng.reporters.JUnitXMLReporter -->
<testsuite hostname="LWO1-LHP-F49053" name="IETest" tests="1" failures="0" timestamp="26 Nov 2014 12:08:18 GMT" time="4.329" errors="0">
  <testcase name="@BeforeTest BeforeTests" time="0.0" classname="InstabeatSanity.Tests.SanityTestNG">
    <failure type="org.openqa.selenium.remote.SessionNotFoundException" message="Unexpected error launching Internet Explorer. Browser zoom level was set to 104%. It should be set to 100% (WARNING: The server did not provide any stacktrace information)
Command duration or timeout: 3.73 seconds
Build info: version: &amp;apos;2.44.0&amp;apos;, revision: &amp;apos;76d78cf&amp;apos;, time: &amp;apos;2014-10-23 20:02:37&amp;apos;
System info: host: &amp;apos;LWO1-LHP-F49053&amp;apos;, ip: &amp;apos;172.24.223.107&amp;apos;, os.name: &amp;apos;Windows 7&amp;apos;, os.arch: &amp;apos;amd64&amp;apos;, os.version: &amp;apos;6.1&amp;apos;, java.version: &amp;apos;1.8.0_25&amp;apos;
Driver info: org.openqa.selenium.ie.InternetExplorerDriver">
      <![CDATA[org.openqa.selenium.remote.SessionNotFoundException: Unexpected error launching Internet Explorer. Browser zoom level was set to 104%. It should be set to 100% (WARNING: The server did not provide any stacktrace information)
Command duration or timeout: 3.73 seconds
Build info: version: '2.44.0', revision: '76d78cf', time: '2014-10-23 20:02:37'
System info: host: 'LWO1-LHP-F49053', ip: '172.24.223.107', os.name: 'Windows 7', os.arch: 'amd64', os.version: '6.1', java.version: '1.8.0_25'
Driver info: org.openqa.selenium.ie.InternetExplorerDriver
	at org.openqa.selenium.remote.ErrorHandler.createThrowable(ErrorHandler.java:204)
	at org.openqa.selenium.remote.ErrorHandler.throwIfResponseFailed(ErrorHandler.java:162)
	at org.openqa.selenium.remote.RemoteWebDriver.execute(RemoteWebDriver.java:599)
	at org.openqa.selenium.remote.RemoteWebDriver.startSession(RemoteWebDriver.java:240)
	at org.openqa.selenium.remote.RemoteWebDriver.startSession(RemoteWebDriver.java:225)
	at org.openqa.selenium.ie.InternetExplorerDriver.run(InternetExplorerDriver.java:182)
	at org.openqa.selenium.ie.InternetExplorerDriver.<init>(InternetExplorerDriver.java:174)
	at org.openqa.selenium.ie.InternetExplorerDriver.<init>(InternetExplorerDriver.java:146)
	at InstabeatSanity.Tests.ParallelBrowserSanity.BeforeTests(ParallelBrowserSanity.java:43)
	at java.util.concurrent.FutureTask.run(Unknown Source)
	at java.util.concurrent.ThreadPoolExecutor.runWorker(Unknown Source)
	at java.util.concurrent.ThreadPoolExecutor$Worker.run(Unknown Source)
	at java.lang.Thread.run(Unknown Source)
... Removed 18 stack frames]]>
    </failure>
  </testcase> <!-- @BeforeTest BeforeTests -->
  <testcase name="@AfterTest AfterTests" time="0.0" classname="InstabeatSanity.Tests.SanityTestNG">
    <skipped/>
  </testcase> <!-- @AfterTest AfterTests -->
  <testcase name="UserCanLogin" time="0.001" classname="InstabeatSanity.Tests.SanityTestNG">
    <skipped/>
  </testcase> <!-- UserCanLogin -->
</testsuite> <!-- IETest -->
